Compiling d:\projects\wdm\skeleton\function\fdfirst\sys directory ********************
'nmake.exe /c BUILDMSG=Stop. -i NTTEST= UMTEST= NOLINK=1 386=1'
cl -nologo -Ii386\ -I. -IC:\WINDDK\2195\inc -IC:\WINDDK\2195\inc -IC:\WINDDK\2195\inc\ddk\wdm -IC:\WINDDK\2195\private\inc -IC:\WINDDK\2195\inc -D_X86_=1 -Di386=1  -DSTD_CALL -DCONDITION_HANDLING=1 -DNT_UP=1  -DNT_INST=0 -DWIN32=100 -D_NT1X_=100 -DWINNT=1 -D_WIN32_WINNT=0x0500 -DWINVER=0x0500 -D_WIN32_IE=0x0501    -DWIN32_LEAN_AND_MEAN=1 -DDEVL=1 -DFPO=1    -DNDEBUG -D_DLL=1      /c /Zel /Zp8 /Gy -cbstring /W3 /Gz  /QIfdiv- /QIf /QI0f /GB /Gi- /Gm- /GX-  /GR- /GF -Z7 /Oxs /Oy   -FIC:\WINDDK\2195\inc\warning.h  .\fdfirst.c
fdfirst.c

Stop.
Linking d:\projects\wdm\skeleton\function\fdfirst\sys directory ********************
'nmake.exe /c BUILDMSG=Stop. -i LINKONLY=1 NOPASS0=1 NTTEST= UMTEST= 386=1'
	link -out:objfre\i386\fdfirst.sys -machine:ix86 @C:\DOCUME~1\SLAVA~1.ELC\LOCALS~1\Temp\nma01012.
Microsoft (R) Incremental Linker Version 5.12.8181
Copyright (C) Microsoft Corp 1992-1998. All rights reserved.

-STACK:262144,4096 
-MERGE:_PAGE=PAGE 
-MERGE:_TEXT=.text 
-SECTION:INIT,d 
-OPT:REF 
-OPT:ICF 
-IGNORE:4001,4037,4039,4044,4065,4070,4078,4087,4089,4198 
-INCREMENTAL:NO 
-FULLBUILD 
-FORCE:MULTIPLE 
-NOCOMMENT 
/release 
-NODEFAULTLIB 
-debug:FULL 
-debugtype:cv 
-version:5.00 
-osversion:5.00 
-optidata 
-driver -driver:wdm 
-align:0x20 
-subsystem:native,1.10 
-base:0x10000 
-entry:DriverEntry@8 
-out:objfre\i386\fdfirst.sys 
objfre\i386\fdfirst.obj 
C:\WINDDK\2195\libfre\i386\wdm.lib 

Stop.
